# JRE version: Java(TM) SE Runtime Environment (8.0_191-b12) (build 1.8.0_191-b12)
# Java VM: Java HotSpot(TM) Client VM (25.191-b12 mixed mode windows-x86 )
Heap:
 def new generation   total 118848K, used 22976K [0x04c00000, 0x0ccf0000, 0x0f6a0000)
  eden space 105664K,  21% used [0x04c00000, 0x06270278, 0x0b330000)
  from space 13184K,   0% used [0x0b330000, 0x0b330000, 0x0c010000)
  to   space 13184K,   0% used [0x0c010000, 0x0c010000, 0x0ccf0000)
 tenured generation   total 263964K, used 158378K [0x0f6a0000, 0x1f867000, 0x24c00000)
   the space 263964K,  59% used [0x0f6a0000, 0x1914a920, 0x1914aa00, 0x1f867000)
 Metaspace       used 25362K, capacity 25912K, committed 26112K, reserved 27008K
GC Heap History (10 events):
Event: 2689.531 GC heap before
{Heap before GC invocations=28 (full 4):
 def new generation   total 95296K, used 89290K [0x04c00000, 0x0b360000, 0x0f6a0000)
  eden space 84736K,  98% used [0x04c00000, 0x09d5eca8, 0x09ec0000)
  from space 10560K,  56% used [0x0a910000, 0x0aee3c40, 0x0b360000)
  to   space 10560K,   0% used [0x09ec0000, 0x09ec0000, 0x0a910000)
 tenured generation   total 211584K, used 124617K [0x0f6a0000, 0x1c540000, 0x24c00000)
   the space 211584K,  58% used [0x0f6a0000, 0x170526c8, 0x17052800, 0x1c540000)
 Metaspace       used 25419K, capacity 25995K, committed 26112K, reserved 27008K
Event: 2689.555 GC heap after
Heap after GC invocations=29 (full 4):
 def new generation   total 95296K, used 6650K [0x04c00000, 0x0b360000, 0x0f6a0000)
  eden space 84736K,   0% used [0x04c00000, 0x04c00000, 0x09ec0000)
  from space 10560K,  62% used [0x09ec0000, 0x0a53e990, 0x0a910000)
  to   space 10560K,   0% used [0x0a910000, 0x0a910000, 0x0b360000)
 tenured generation   total 211584K, used 133039K [0x0f6a0000, 0x1c540000, 0x24c00000)
   the space 211584K,  62% used [0x0f6a0000, 0x1788bda0, 0x1788be00, 0x1c540000)
 Metaspace       used 25419K, capacity 25995K, committed 26112K, reserved 27008K
}
Event: 2759.955 GC heap before
{Heap before GC invocations=29 (full 4):
 def new generation   total 95296K, used 91117K [0x04c00000, 0x0b360000, 0x0f6a0000)
  eden space 84736K,  99% used [0x04c00000, 0x09e7cab8, 0x09ec0000)
  from space 10560K,  62% used [0x09ec0000, 0x0a53e990, 0x0a910000)
  to   space 10560K,   0% used [0x0a910000, 0x0a910000, 0x0b360000)
 tenured generation   total 211584K, used 133039K [0x0f6a0000, 0x1c540000, 0x24c00000)
   the space 211584K,  62% used [0x0f6a0000, 0x1788bda0, 0x1788be00, 0x1c540000)
 Metaspace       used 25427K, capacity 26005K, committed 26112K, reserved 27008K
Event: 2759.986 GC heap after
Heap after GC invocations=30 (full 4):
 def new generation   total 95296K, used 10560K [0x04c00000, 0x0b360000, 0x0f6a0000)
  eden space 84736K,   0% used [0x04c00000, 0x04c00000, 0x09ec0000)
  from space 10560K, 100% used [0x0a910000, 0x0b360000, 0x0b360000)
  to   space 10560K,   0% used [0x09ec0000, 0x09ec0000, 0x0a910000)
 tenured generation   total 211584K, used 141920K [0x0f6a0000, 0x1c540000, 0x24c00000)
   the space 211584K,  67% used [0x0f6a0000, 0x18138028, 0x18138200, 0x1c540000)
 Metaspace       used 25427K, capacity 26005K, committed 26112K, reserved 27008K
}
Event: 2762.568 GC heap before
{Heap before GC invocations=30 (full 4):
 def new generation   total 95296K, used 92732K [0x04c00000, 0x0b360000, 0x0f6a0000)
  eden space 84736K,  96% used [0x04c00000, 0x09c3f078, 0x09ec0000)
  from space 10560K, 100% used [0x0a910000, 0x0b360000, 0x0b360000)
  to   space 10560K,   0% used [0x09ec0000, 0x09ec0000, 0x0a910000)
 tenured generation   total 211584K, used 141920K [0x0f6a0000, 0x1c540000, 0x24c00000)
   the space 211584K,  67% used [0x0f6a0000, 0x18138028, 0x18138200, 0x1c540000)
 Metaspace       used 25427K, capacity 26005K, committed 26112K, reserved 27008K
Event: 2762.595 GC heap after
Heap after GC invocations=31 (full 4):
 def new generation   total 95296K, used 5980K [0x04c00000, 0x0b360000, 0x0f6a0000)
  eden space 84736K,   0% used [0x04c00000, 0x04c00000, 0x09ec0000)
  from space 10560K,  56% used [0x09ec0000, 0x0a4973e0, 0x0a910000)
  to   space 10560K,   0% used [0x0a910000, 0x0a910000, 0x0b360000)
 tenured generation   total 211584K, used 151214K [0x0f6a0000, 0x1c540000, 0x24c00000)
   the space 211584K,  71% used [0x0f6a0000, 0x18a4bab8, 0x18a4bc00, 0x1c540000)
 Metaspace       used 25427K, capacity 26005K, committed 26112K, reserved 27008K
}
Event: 2764.269 GC heap before
{Heap before GC invocations=31 (full 4):
 def new generation   total 95296K, used 87350K [0x04c00000, 0x0b360000, 0x0f6a0000)
  eden space 84736K,  96% used [0x04c00000, 0x09b766c8, 0x09ec0000)
  from space 10560K,  56% used [0x09ec0000, 0x0a4973e0, 0x0a910000)
  to   space 10560K,   0% used [0x0a910000, 0x0a910000, 0x0b360000)
 tenured generation   total 211584K, used 151214K [0x0f6a0000, 0x1c540000, 0x24c00000)
   the space 211584K,  71% used [0x0f6a0000, 0x18a4bab8, 0x18a4bc00, 0x1c540000)
 Metaspace       used 25427K, capacity 26005K, committed 26112K, reserved 27008K
Event: 2764.308 GC heap after
Heap after GC invocations=32 (full 4):
 def new generation   total 95296K, used 10076K [0x04c00000, 0x0b360000, 0x0f6a0000)
  eden space 84736K,   0% used [0x04c00000, 0x04c00000, 0x09ec0000)
  from space 10560K,  95% used [0x0a910000, 0x0b2e7270, 0x0b360000)
  to   space 10560K,   0% used [0x09ec0000, 0x09ec0000, 0x0a910000)
 tenured generation   total 211584K, used 176172K [0x0f6a0000, 0x1c540000, 0x24c00000)
   the space 211584K,  83% used [0x0f6a0000, 0x1a2ab0c0, 0x1a2ab200, 0x1c540000)
 Metaspace       used 25427K, capacity 26005K, committed 26112K, reserved 27008K
}
Event: 2766.602 GC heap before
{Heap before GC invocations=32 (full 4):
 def new generation   total 95296K, used 93999K [0x04c00000, 0x0b360000, 0x0f6a0000)
  eden space 84736K,  99% used [0x04c00000, 0x09df4cc8, 0x09ec0000)
  from space 10560K,  95% used [0x0a910000, 0x0b2e7270, 0x0b360000)
  to   space 10560K,   0% used [0x09ec0000, 0x09ec0000, 0x0a910000)
 tenured generation   total 211584K, used 176172K [0x0f6a0000, 0x1c540000, 0x24c00000)
   the space 211584K,  83% used [0x0f6a0000, 0x1a2ab0c0, 0x1a2ab200, 0x1c540000)
 Metaspace       used 25427K, capacity 26005K, committed 26112K, reserved 27008K
Event: 2767.074 GC heap after
Heap after GC invocations=33 (full 5):
 def new generation   total 118848K, used 0K [0x04c00000, 0x0ccf0000, 0x0f6a0000)
  eden space 105664K,   0% used [0x04c00000, 0x04c00000, 0x0b330000)
  from space 13184K,   0% used [0x0b330000, 0x0b330000, 0x0c010000)
  to   space 13184K,   0% used [0x0c010000, 0x0c010000, 0x0ccf0000)
 tenured generation   total 263964K, used 158378K [0x0f6a0000, 0x1f867000, 0x24c00000)
   the space 263964K,  59% used [0x0f6a0000, 0x1914a920, 0x1914aa00, 0x1f867000)
 Metaspace       used 25362K, capacity 25912K, committed 26112K, reserved 27008K
}

